Robot created at 1,9
Robot created at 7,7
Obstacle created at 1,4
Obstacle created at 4,0
Obstacle created at 3,7
Obstacle created at 0,1
Obstacle created at 8,3
Obstacle created at 6,6
Obstacle created at 4,1
Obstacle created at 7,2
Obstacle created at 2,9
Obstacle created at 1,7
Obstacle created at 5,6
Obstacle created at 8,0
Obstacle created at 0,6
Obstacle created at 7,1
Obstacle created at 1,2
Obstacle created at 4,7
Step: 0
Step 0 | basic-robot (id=0) moved from 1,9 to 1,8
Step 0 | basic-robot (id=1) moved from 7,7 to 7,6
Step: 1
Step 1 | message broadcast from 1 to 0: pos=7,6
Step 1 | basic-robot (id=0) moved from 1,8 to 1,8
Step 1 | basic-robot (id=1) moved from 7,6 to 7,5
Step: 2
Step 2 | message broadcast from 1 to 0: pos=7,5
Step 2 | basic-robot (id=0) moved from 1,8 to 2,8
Step 2 | basic-robot (id=1) moved from 7,5 to 7,4
Step: 3
Step 3 | message broadcast from 1 to 0: pos=7,4
Step 3 | basic-robot (id=0) moved from 2,8 to 3,8
Step 3 | basic-robot (id=1) moved from 7,4 to 7,3
Step: 4
Step 4 | message broadcast from 1 to 0: pos=7,3
Step 4 | basic-robot (id=0) moved from 3,8 to 4,8
Step 4 | basic-robot (id=1) moved from 7,3 to 7,3
Step: 5
Step 5 | message broadcast from 1 to 0: pos=7,3
Step 5 | basic-robot (id=0) moved from 4,8 to 5,8
Step 5 | basic-robot (id=1) moved from 7,3 to 7,3
Step: 6
Step 6 | message broadcast from 1 to 0: pos=7,3
Step 6 | basic-robot (id=0) moved from 5,8 to 6,8
Step 6 | basic-robot (id=1) moved from 7,3 to 7,3
Step: 7
Step 7 | message broadcast from 1 to 0: pos=7,3
Step 7 | basic-robot (id=0) moved from 6,8 to 7,8
Step 7 | basic-robot (id=1) moved from 7,3 to 6,3
Step: 8
Step 8 | message broadcast from 1 to 0: pos=6,3
Step 8 | basic-robot (id=0) moved from 7,8 to 8,8
Step 8 | basic-robot (id=1) moved from 6,3 to 5,3
Step: 9
Step 9 | message broadcast from 1 to 0: pos=5,3
Step 9 | basic-robot (id=0) moved from 8,8 to 9,8
Step 9 | basic-robot (id=1) moved from 5,3 to 4,3
Step: 10
Step 10 | message broadcast from 1 to 0: pos=4,3
Step 10 | basic-robot (id=0) moved from 9,8 to 9,8
Step 10 | basic-robot (id=1) moved from 4,3 to 3,3
Step: 11
Step 11 | message broadcast from 1 to 0: pos=3,3
Step 11 | basic-robot (id=0) moved from 9,8 to 9,9
Step 11 | basic-robot (id=1) moved from 3,3 to 2,3
Step: 12
Step 12 | message broadcast from 1 to 0: pos=2,3
Step 12 | basic-robot (id=0) moved from 9,9 to 9,9
Step 12 | basic-robot (id=1) moved from 2,3 to 1,3
Step: 13
Step 13 | message broadcast from 0 to 1: pos=9,9
Step 13 | basic-robot (id=1) moved from 1,3 to 0,3
Step 13 | basic-robot (id=0) moved from 9,9 to 8,9
Step: 14
Step 14 | message broadcast from 0 to 1: pos=8,9
Step 14 | basic-robot (id=1) moved from 0,3 to 0,3
Step 14 | basic-robot (id=0) moved from 8,9 to 7,9
Step: 15
Step 15 | message broadcast from 0 to 1: pos=7,9
Step 15 | basic-robot (id=1) moved from 0,3 to 0,2
Step 15 | basic-robot (id=0) moved from 7,9 to 6,9
Step: 16
Step 16 | message broadcast from 0 to 1: pos=6,9
Step 16 | basic-robot (id=1) moved from 0,2 to 0,2
Step 16 | basic-robot (id=0) moved from 6,9 to 5,9
Step: 17
Step 17 | message broadcast from 0 to 1: pos=5,9
Step 17 | basic-robot (id=1) moved from 0,2 to 0,2
Step 17 | basic-robot (id=0) moved from 5,9 to 4,9
Step: 18
Step 18 | message broadcast from 0 to 1: pos=4,9
Step 18 | basic-robot (id=1) moved from 0,2 to 0,2
Step 18 | basic-robot (id=0) moved from 4,9 to 3,9
Step: 19
Step 19 | message broadcast from 0 to 1: pos=3,9
Step 19 | basic-robot (id=1) moved from 0,2 to 0,2
Step 19 | basic-robot (id=0) moved from 3,9 to 3,9
Step: 20
Step 20 | message broadcast from 0 to 1: pos=3,9
Step 20 | basic-robot (id=1) moved from 0,2 to 0,2
Step 20 | basic-robot (id=0) moved from 3,9 to 3,9
Step: 21
Step 21 | message broadcast from 0 to 1: pos=3,9
Step 21 | basic-robot (id=1) moved from 0,2 to 0,2
Step 21 | basic-robot (id=0) moved from 3,9 to 3,9
Step: 22
Step 22 | message broadcast from 0 to 1: pos=3,9
Step 22 | basic-robot (id=1) moved from 0,2 to 0,2
Step 22 | basic-robot (id=0) moved from 3,9 to 3,9
Step: 23
Step 23 | message broadcast from 0 to 1: pos=3,9
Step 23 | basic-robot (id=1) moved from 0,2 to 0,2
Step 23 | basic-robot (id=0) moved from 3,9 to 3,9
Step: 24
Step 24 | message broadcast from 0 to 1: pos=3,9
Step 24 | basic-robot (id=1) moved from 0,2 to 0,2
Step 24 | basic-robot (id=0) moved from 3,9 to 3,9
Step: 25
Step 25 | message broadcast from 0 to 1: pos=3,9
Step 25 | basic-robot (id=1) moved from 0,2 to 0,2
Step 25 | basic-robot (id=0) moved from 3,9 to 3,9
Step: 26
Step 26 | message broadcast from 0 to 1: pos=3,9
Step 26 | basic-robot (id=1) moved from 0,2 to 0,2
Step 26 | basic-robot (id=0) moved from 3,9 to 3,9
Step: 27
Step 27 | message broadcast from 0 to 1: pos=3,9
Step 27 | basic-robot (id=1) moved from 0,2 to 0,2
Step 27 | basic-robot (id=0) moved from 3,9 to 3,9
Step: 28
Step 28 | message broadcast from 0 to 1: pos=3,9
Step 28 | basic-robot (id=1) moved from 0,2 to 0,2
Step 28 | basic-robot (id=0) moved from 3,9 to 3,9
Step: 29
Step 29 | message broadcast from 0 to 1: pos=3,9
Step 29 | basic-robot (id=1) moved from 0,2 to 0,2
Step 29 | basic-robot (id=0) moved from 3,9 to 3,9
Step: 30
Step 30 | message broadcast from 0 to 1: pos=3,9
Step 30 | basic-robot (id=1) moved from 0,2 to 0,2
Step 30 | basic-robot (id=0) moved from 3,9 to 3,9
Step: 31
Step 31 | message broadcast from 0 to 1: pos=3,9
Step 31 | basic-robot (id=1) moved from 0,2 to 0,2
Step 31 | basic-robot (id=0) moved from 3,9 to 3,9
Step: 32
Step 32 | message broadcast from 0 to 1: pos=3,9
Step 32 | basic-robot (id=1) moved from 0,2 to 0,2
Step 32 | basic-robot (id=0) moved from 3,9 to 3,9
Step: 33
Step 33 | message broadcast from 0 to 1: pos=3,9
Step 33 | basic-robot (id=1) moved from 0,2 to 0,2
Step 33 | basic-robot (id=0) moved from 3,9 to 3,9
Step: 34
Step 34 | message broadcast from 0 to 1: pos=3,9
Step 34 | basic-robot (id=1) moved from 0,2 to 0,2
Step 34 | basic-robot (id=0) moved from 3,9 to 3,9
Step: 35
Step 35 | message broadcast from 0 to 1: pos=3,9
Step 35 | basic-robot (id=1) moved from 0,2 to 0,2
Step 35 | basic-robot (id=0) moved from 3,9 to 3,9
Step: 36
Step 36 | message broadcast from 0 to 1: pos=3,9
Step 36 | basic-robot (id=1) moved from 0,2 to 0,2
Step 36 | basic-robot (id=0) moved from 3,9 to 3,9
